<?xml version="1.0" encoding="UTF-8"?>
<testsuite xmlns:xsi="http://www.w3.org/2001/XMLSchema-instance" xsi:noNamespaceSchemaLocation="https://maven.apache.org/surefire/maven-surefire-plugin/xsd/surefire-test-report-3.0.xsd" version="3.0" name="TestRun.RunTest" time="40.154" tests="2" errors="0" skipped="0" failures="0">
  <properties>
[...]
</properties>
  <testcase name="Regsiter a patient" classname="Selenium cucumber Assessment for openmrs application login and patient registration" time="17.909">
    <system-out><![CDATA[
Scenario: Regsiter a patient                                                            # Features/login.feature:12
  Given User is on the OpenHRMS page                                                    # Stepdefnition.stepAction.User_home_page()
  When Enter valid credentials                                                          # Stepdefnition.stepAction.enter_valid_credentials()
  And Click on login button                                                             # Stepdefnition.stepAction.click_on_login_button()
User in inpatient page 
  Then User is in inpatient page                                                        # Stepdefnition.stepAction.user_is_in_inpatient_page()
  Given User is on Inpatient page                                                       # Stepdefnition.stepAction.user_is_on_inpatient_page()
Registeration page loaded
  And Selects Register a patient                                                        # Stepdefnition.stepAction.selects_register_a_patient()
  When User Provide Demographic, Contact Info, Relationship details in the details page # Stepdefnition.stepAction.enter_Patient_informations()
  And Clicks on the confirm button                                                      # Stepdefnition.stepAction.Clicks_on_the_confirm_button()
Patient registered successfully
  Then Verify that the patient is successfully registered                               # Stepdefnition.stepAction.verify_that_the_patient_is_successfully_registered()
]]></system-out>
    <system-err><![CDATA[Mar 04, 2025 1:41:42 PM org.openqa.selenium.devtools.CdpVersionFinder findNearestMatch
WARNING: Unable to find an exact match for CDP version 133, returning the closest version; found: 131; Please update to a Selenium version that supports CDP version 133
Mar 04, 2025 1:41:57 PM org.openqa.selenium.remote.http.WebSocket$Listener onError
WARNING: Connection reset
java.net.SocketException: Connection reset
	at java.base/sun.nio.ch.SocketChannelImpl.throwConnectionReset(SocketChannelImpl.java:401)
	at java.base/sun.nio.ch.SocketChannelImpl.read(SocketChannelImpl.java:434)
	at java.net.http/jdk.internal.net.http.SocketTube.readAvailable(SocketTube.java:1178)
	at java.net.http/jdk.internal.net.http.SocketTube$InternalReadPublisher$InternalReadSubscription.read(SocketTube.java:841)
	at java.net.http/jdk.internal.net.http.SocketTube$SocketFlowTask.run(SocketTube.java:181)
	at java.net.http/jdk.internal.net.http.common.SequentialScheduler$SchedulableTask.run(SequentialScheduler.java:207)
	at java.net.http/jdk.internal.net.http.common.SequentialScheduler.runOrSchedule(SequentialScheduler.java:280)
	at java.net.http/jdk.internal.net.http.common.SequentialScheduler.runOrSchedule(SequentialScheduler.java:233)
	at java.net.http/jdk.internal.net.http.SocketTube$InternalReadPublisher$InternalReadSubscription.signalReadable(SocketTube.java:782)
	at java.net.http/jdk.internal.net.http.SocketTube$InternalReadPublisher$ReadEvent.signalEvent(SocketTube.java:965)
	at java.net.http/jdk.internal.net.http.SocketTube$SocketFlowEvent.handle(SocketTube.java:253)
	at java.net.http/jdk.internal.net.http.HttpClientImpl$SelectorManager.handleEvent(HttpClientImpl.java:1467)
	at java.net.http/jdk.internal.net.http.HttpClientImpl$SelectorManager.lambda$run$3(HttpClientImpl.java:1412)
	at java.base/java.util.ArrayList.forEach(ArrayList.java:1596)
	at java.net.http/jdk.internal.net.http.HttpClientImpl$SelectorManager.run(HttpClientImpl.java:1412)

]]></system-err>
  </testcase>
  <testcase name="Update the patient" classname="Selenium cucumber Assessment for openmrs application login and patient registration" time="21.77">
    <system-out><![CDATA[
Scenario: Update the patient              # Features/login.feature:19
  Given User is on the OpenHRMS page      # Stepdefnition.stepAction.User_home_page()
  When Enter valid credentials            # Stepdefnition.stepAction.enter_valid_credentials()
  And Click on login button               # Stepdefnition.stepAction.click_on_login_button()
User in inpatient page 
  Then User is in inpatient page          # Stepdefnition.stepAction.user_is_in_inpatient_page()
Inpatient detail page displayed
  Given User is on Inpatient details page # Stepdefnition.stepAction.user_is_on_Inpatient_details_page()
  And Clicks Find Patient Records         # Stepdefnition.stepAction.Clicks_Find_Patient_Records()
  When User searches for the patient      # Stepdefnition.stepAction.user_searches_for_the_patient()
  And Patient details should be listed    # Stepdefnition.stepAction.patient_details_should_be_listed()
  And Clicks on edit button               # Stepdefnition.stepAction.Clicks_on_edit_button()
  And User edit and save patient name     # Stepdefnition.stepAction.user_edits_and_save_patient_name()
  Then verify the change is reflected     # Stepdefnition.stepAction.verify_the_change_is_reflected()
]]></system-out>
    <system-err><![CDATA[Mar 04, 2025 1:41:59 PM org.openqa.selenium.devtools.CdpVersionFinder findNearestMatch
WARNING: Unable to find an exact match for CDP version 133, returning the closest version; found: 131; Please update to a Selenium version that supports CDP version 133
]]></system-err>
  </testcase>
</testsuite>